# JRE version: Java(TM) SE Runtime Environment (8.0_111-b14) (build 1.8.0_111-b14)
# Java VM: Java HotSpot(TM) 64-Bit Server VM (25.111-b14 mixed mode linux-amd64 compressed oops)
Heap:
 PSYoungGen      total 1529344K, used 782892K [0x0000000755580000, 0x00000007c0000000, 0x00000007c0000000)
  eden space 1311232K, 59% used [0x0000000755580000,0x000000078520b280,0x00000007a5600000)
  from space 218112K, 0% used [0x00000007b2b00000,0x00000007b2b00000,0x00000007c0000000)
  to   space 218112K, 0% used [0x00000007a5600000,0x00000007a5600000,0x00000007b2b00000)
 ParOldGen       total 3495424K, used 20694K [0x0000000680000000, 0x0000000755580000, 0x0000000755580000)
  object space 3495424K, 0% used [0x0000000680000000,0x0000000681435880,0x0000000755580000)
 Metaspace       used 55945K, capacity 56410K, committed 56576K, reserved 1097728K
  class space    used 8743K, capacity 8871K, committed 8960K, reserved 1048576K
GC Heap History (8 events):
Event: 4.762 GC heap before
{Heap before GC invocations=1 (full 0):
 PSYoungGen      total 1529344K, used 262247K [0x0000000755580000, 0x00000007c0000000, 0x00000007c0000000)
  eden space 1311232K, 20% used [0x0000000755580000,0x0000000765599d00,0x00000007a5600000)
  from space 218112K, 0% used [0x00000007b2b00000,0x00000007b2b00000,0x00000007c0000000)
  to   space 218112K, 0% used [0x00000007a5600000,0x00000007a5600000,0x00000007b2b00000)
 ParOldGen       total 3495424K, used 0K [0x0000000680000000, 0x0000000755580000, 0x0000000755580000)
  object space 3495424K, 0% used [0x0000000680000000,0x0000000680000000,0x0000000755580000)
 Metaspace       used 20829K, capacity 21088K, committed 21248K, reserved 1067008K
  class space    used 2922K, capacity 3032K, committed 3072K, reserved 1048576K
Event: 4.788 GC heap after
Heap after GC invocations=1 (full 0):
 PSYoungGen      total 1529344K, used 17113K [0x0000000755580000, 0x00000007c0000000, 0x00000007c0000000)
  eden space 1311232K, 0% used [0x0000000755580000,0x0000000755580000,0x00000007a5600000)
  from space 218112K, 7% used [0x00000007a5600000,0x00000007a66b6560,0x00000007b2b00000)
  to   space 218112K, 0% used [0x00000007b2b00000,0x00000007b2b00000,0x00000007c0000000)
 ParOldGen       total 3495424K, used 96K [0x0000000680000000, 0x0000000755580000, 0x0000000755580000)
  object space 3495424K, 0% used [0x0000000680000000,0x0000000680018028,0x0000000755580000)
 Metaspace       used 20829K, capacity 21088K, committed 21248K, reserved 1067008K
  class space    used 2922K, capacity 3032K, committed 3072K, reserved 1048576K
}
Event: 4.788 GC heap before
{Heap before GC invocations=2 (full 1):
 PSYoungGen      total 1529344K, used 17113K [0x0000000755580000, 0x00000007c0000000, 0x00000007c0000000)
  eden space 1311232K, 0% used [0x0000000755580000,0x0000000755580000,0x00000007a5600000)
  from space 218112K, 7% used [0x00000007a5600000,0x00000007a66b6560,0x00000007b2b00000)
  to   space 218112K, 0% used [0x00000007b2b00000,0x00000007b2b00000,0x00000007c0000000)
 ParOldGen       total 3495424K, used 96K [0x0000000680000000, 0x0000000755580000, 0x0000000755580000)
  object space 3495424K, 0% used [0x0000000680000000,0x0000000680018028,0x0000000755580000)
 Metaspace       used 20829K, capacity 21088K, committed 21248K, reserved 1067008K
  class space    used 2922K, capacity 3032K, committed 3072K, reserved 1048576K
Event: 4.888 GC heap after
Heap after GC invocations=2 (full 1):
 PSYoungGen      total 1529344K, used 0K [0x0000000755580000, 0x00000007c0000000, 0x00000007c0000000)
  eden space 1311232K, 0% used [0x0000000755580000,0x0000000755580000,0x00000007a5600000)
  from space 218112K, 0% used [0x00000007a5600000,0x00000007a5600000,0x00000007b2b00000)
  to   space 218112K, 0% used [0x00000007b2b00000,0x00000007b2b00000,0x00000007c0000000)
 ParOldGen       total 3495424K, used 16502K [0x0000000680000000, 0x0000000755580000, 0x0000000755580000)
  object space 3495424K, 0% used [0x0000000680000000,0x000000068101dbc8,0x0000000755580000)
 Metaspace       used 20829K, capacity 21088K, committed 21248K, reserved 1067008K
  class space    used 2922K, capacity 3032K, committed 3072K, reserved 1048576K
}
Event: 10.423 GC heap before
{Heap before GC invocations=3 (full 1):
 PSYoungGen      total 1529344K, used 603330K [0x0000000755580000, 0x00000007c0000000, 0x00000007c0000000)
  eden space 1311232K, 46% used [0x0000000755580000,0x000000077a2b0b20,0x00000007a5600000)
  from space 218112K, 0% used [0x00000007a5600000,0x00000007a5600000,0x00000007b2b00000)
  to   space 218112K, 0% used [0x00000007b2b00000,0x00000007b2b00000,0x00000007c0000000)
 ParOldGen       total 3495424K, used 16502K [0x0000000680000000, 0x0000000755580000, 0x0000000755580000)
  object space 3495424K, 0% used [0x0000000680000000,0x000000068101dbc8,0x0000000755580000)
 Metaspace       used 34898K, capacity 35154K, committed 35416K, reserved 1079296K
  class space    used 5189K, capacity 5307K, committed 5376K, reserved 1048576K
Event: 10.454 GC heap after
Heap after GC invocations=3 (full 1):
 PSYoungGen      total 1529344K, used 15844K [0x0000000755580000, 0x00000007c0000000, 0x00000007c0000000)
  eden space 1311232K, 0% used [0x0000000755580000,0x0000000755580000,0x00000007a5600000)
  from space 218112K, 7% used [0x00000007b2b00000,0x00000007b3a792c0,0x00000007c0000000)
  to   space 218112K, 0% used [0x00000007a5600000,0x00000007a5600000,0x00000007b2b00000)
 ParOldGen       total 3495424K, used 16510K [0x0000000680000000, 0x0000000755580000, 0x0000000755580000)
  object space 3495424K, 0% used [0x0000000680000000,0x000000068101fbc8,0x0000000755580000)
 Metaspace       used 34898K, capacity 35154K, committed 35416K, reserved 1079296K
  class space    used 5189K, capacity 5307K, committed 5376K, reserved 1048576K
}
Event: 10.454 GC heap before
{Heap before GC invocations=4 (full 2):
 PSYoungGen      total 1529344K, used 15844K [0x0000000755580000, 0x00000007c0000000, 0x00000007c0000000)
  eden space 1311232K, 0% used [0x0000000755580000,0x0000000755580000,0x00000007a5600000)
  from space 218112K, 7% used [0x00000007b2b00000,0x00000007b3a792c0,0x00000007c0000000)
  to   space 218112K, 0% used [0x00000007a5600000,0x00000007a5600000,0x00000007b2b00000)
 ParOldGen       total 3495424K, used 16510K [0x0000000680000000, 0x0000000755580000, 0x0000000755580000)
  object space 3495424K, 0% used [0x0000000680000000,0x000000068101fbc8,0x0000000755580000)
 Metaspace       used 34898K, capacity 35154K, committed 35416K, reserved 1079296K
  class space    used 5189K, capacity 5307K, committed 5376K, reserved 1048576K
Event: 10.574 GC heap after
Heap after GC invocations=4 (full 2):
 PSYoungGen      total 1529344K, used 0K [0x0000000755580000, 0x00000007c0000000, 0x00000007c0000000)
  eden space 1311232K, 0% used [0x0000000755580000,0x0000000755580000,0x00000007a5600000)
  from space 218112K, 0% used [0x00000007b2b00000,0x00000007b2b00000,0x00000007c0000000)
  to   space 218112K, 0% used [0x00000007a5600000,0x00000007a5600000,0x00000007b2b00000)
 ParOldGen       total 3495424K, used 20694K [0x0000000680000000, 0x0000000755580000, 0x0000000755580000)
  object space 3495424K, 0% used [0x0000000680000000,0x0000000681435880,0x0000000755580000)
 Metaspace       used 34898K, capacity 35154K, committed 35416K, reserved 1079296K
  class space    used 5189K, capacity 5307K, committed 5376K, reserved 1048576K
}

