# JRE version: Java(TM) SE Runtime Environment (8.0_111-b14) (build 1.8.0_111-b14)
# Java VM: Java HotSpot(TM) 64-Bit Server VM (25.111-b14 mixed mode linux-amd64 compressed oops)
Heap:
 PSYoungGen      total 1529344K, used 361101K [0x0000000755580000, 0x00000007c0000000, 0x00000007c0000000)
  eden space 1311232K, 27% used [0x0000000755580000,0x000000076b6237b8,0x00000007a5600000)
  from space 218112K, 0% used [0x00000007a5600000,0x00000007a5600000,0x00000007b2b00000)
  to   space 40960K, 0% used [0x00000007bd800000,0x00000007bd800000,0x00000007c0000000)
 ParOldGen       total 3495424K, used 32273K [0x0000000680000000, 0x0000000755580000, 0x0000000755580000)
  object space 3495424K, 0% used [0x0000000680000000,0x0000000681f84530,0x0000000755580000)
 Metaspace       used 97641K, capacity 99134K, committed 101548K, reserved 1134592K
  class space    used 13939K, capacity 14828K, committed 16300K, reserved 1048576K
GC Heap History (10 events):
Event: 16.400 GC heap before
{Heap before GC invocations=5 (full 2):
 PSYoungGen      total 1529344K, used 535817K [0x0000000755580000, 0x00000007c0000000, 0x00000007c0000000)
  eden space 1311232K, 40% used [0x0000000755580000,0x00000007760c2790,0x00000007a5600000)
  from space 218112K, 0% used [0x00000007b2b00000,0x00000007b2b00000,0x00000007c0000000)
  to   space 218112K, 0% used [0x00000007a5600000,0x00000007a5600000,0x00000007b2b00000)
 ParOldGen       total 3495424K, used 20563K [0x0000000680000000, 0x0000000755580000, 0x0000000755580000)
  object space 3495424K, 0% used [0x0000000680000000,0x0000000681414d40,0x0000000755580000)
 Metaspace       used 58195K, capacity 58570K, committed 59008K, reserved 1099776K
  class space    used 8595K, capacity 8713K, committed 8832K, reserved 1048576K
Event: 16.437 GC heap after
Heap after GC invocations=5 (full 2):
 PSYoungGen      total 1529344K, used 26355K [0x0000000755580000, 0x00000007c0000000, 0x00000007c0000000)
  eden space 1311232K, 0% used [0x0000000755580000,0x0000000755580000,0x00000007a5600000)
  from space 218112K, 12% used [0x00000007a5600000,0x00000007a6fbccd8,0x00000007b2b00000)
  to   space 218112K, 0% used [0x00000007b2b00000,0x00000007b2b00000,0x00000007c0000000)
 ParOldGen       total 3495424K, used 20571K [0x0000000680000000, 0x0000000755580000, 0x0000000755580000)
  object space 3495424K, 0% used [0x0000000680000000,0x0000000681416d40,0x0000000755580000)
 Metaspace       used 58195K, capacity 58570K, committed 59008K, reserved 1099776K
  class space    used 8595K, capacity 8713K, committed 8832K, reserved 1048576K
}
Event: 16.437 GC heap before
{Heap before GC invocations=6 (full 3):
 PSYoungGen      total 1529344K, used 26355K [0x0000000755580000, 0x00000007c0000000, 0x00000007c0000000)
  eden space 1311232K, 0% used [0x0000000755580000,0x0000000755580000,0x00000007a5600000)
  from space 218112K, 12% used [0x00000007a5600000,0x00000007a6fbccd8,0x00000007b2b00000)
  to   space 218112K, 0% used [0x00000007b2b00000,0x00000007b2b00000,0x00000007c0000000)
 ParOldGen       total 3495424K, used 20571K [0x0000000680000000, 0x0000000755580000, 0x0000000755580000)
  object space 3495424K, 0% used [0x0000000680000000,0x0000000681416d40,0x0000000755580000)
 Metaspace       used 58195K, capacity 58570K, committed 59008K, reserved 1099776K
  class space    used 8595K, capacity 8713K, committed 8832K, reserved 1048576K
Event: 16.629 GC heap after
Heap after GC invocations=6 (full 3):
 PSYoungGen      total 1529344K, used 0K [0x0000000755580000, 0x00000007c0000000, 0x00000007c0000000)
  eden space 1311232K, 0% used [0x0000000755580000,0x0000000755580000,0x00000007a5600000)
  from space 218112K, 0% used [0x00000007a5600000,0x00000007a5600000,0x00000007b2b00000)
  to   space 218112K, 0% used [0x00000007b2b00000,0x00000007b2b00000,0x00000007c0000000)
 ParOldGen       total 3495424K, used 33660K [0x0000000680000000, 0x0000000755580000, 0x0000000755580000)
  object space 3495424K, 0% used [0x0000000680000000,0x00000006820df158,0x0000000755580000)
 Metaspace       used 58191K, capacity 58564K, committed 59008K, reserved 1099776K
  class space    used 8595K, capacity 8712K, committed 8832K, reserved 1048576K
}
Event: 29.962 GC heap before
{Heap before GC invocations=7 (full 3):
 PSYoungGen      total 1529344K, used 1311232K [0x0000000755580000, 0x00000007c0000000, 0x00000007c0000000)
  eden space 1311232K, 100% used [0x0000000755580000,0x00000007a5600000,0x00000007a5600000)
  from space 218112K, 0% used [0x00000007a5600000,0x00000007a5600000,0x00000007b2b00000)
  to   space 218112K, 0% used [0x00000007b2b00000,0x00000007b2b00000,0x00000007c0000000)
 ParOldGen       total 3495424K, used 33660K [0x0000000680000000, 0x0000000755580000, 0x0000000755580000)
  object space 3495424K, 0% used [0x0000000680000000,0x00000006820df158,0x0000000755580000)
 Metaspace       used 91135K, capacity 94382K, committed 94592K, reserved 1128448K
  class space    used 12758K, capacity 15426K, committed 15488K, reserved 1048576K
Event: 30.030 GC heap after
Heap after GC invocations=7 (full 3):
 PSYoungGen      total 1529344K, used 39922K [0x0000000755580000, 0x00000007c0000000, 0x00000007c0000000)
  eden space 1311232K, 0% used [0x0000000755580000,0x0000000755580000,0x00000007a5600000)
  from space 218112K, 18% used [0x00000007b2b00000,0x00000007b51fc9f8,0x00000007c0000000)
  to   space 218112K, 0% used [0x00000007a5600000,0x00000007a5600000,0x00000007b2b00000)
 ParOldGen       total 3495424K, used 33668K [0x0000000680000000, 0x0000000755580000, 0x0000000755580000)
  object space 3495424K, 0% used [0x0000000680000000,0x00000006820e1158,0x0000000755580000)
 Metaspace       used 91135K, capacity 94382K, committed 94592K, reserved 1128448K
  class space    used 12758K, capacity 15426K, committed 15488K, reserved 1048576K
}
Event: 31.711 GC heap before
{Heap before GC invocations=8 (full 3):
 PSYoungGen      total 1529344K, used 216325K [0x0000000755580000, 0x00000007c0000000, 0x00000007c0000000)
  eden space 1311232K, 13% used [0x0000000755580000,0x00000007601c4aa8,0x00000007a5600000)
  from space 218112K, 18% used [0x00000007b2b00000,0x00000007b51fc9f8,0x00000007c0000000)
  to   space 218112K, 0% used [0x00000007a5600000,0x00000007a5600000,0x00000007b2b00000)
 ParOldGen       total 3495424K, used 33668K [0x0000000680000000, 0x0000000755580000, 0x0000000755580000)
  object space 3495424K, 0% used [0x0000000680000000,0x00000006820e1158,0x0000000755580000)
 Metaspace       used 95057K, capacity 98274K, committed 98348K, reserved 1132544K
  class space    used 13514K, capacity 16166K, committed 16172K, reserved 1048576K
Event: 31.752 GC heap after
Heap after GC invocations=8 (full 3):
 PSYoungGen      total 1529344K, used 16200K [0x0000000755580000, 0x00000007c0000000, 0x00000007c0000000)
  eden space 1311232K, 0% used [0x0000000755580000,0x0000000755580000,0x00000007a5600000)
  from space 218112K, 7% used [0x00000007a5600000,0x00000007a65d2238,0x00000007b2b00000)
  to   space 40960K, 0% used [0x00000007bd800000,0x00000007bd800000,0x00000007c0000000)
 ParOldGen       total 3495424K, used 33676K [0x0000000680000000, 0x0000000755580000, 0x0000000755580000)
  object space 3495424K, 0% used [0x0000000680000000,0x00000006820e3158,0x0000000755580000)
 Metaspace       used 95057K, capacity 98274K, committed 98348K, reserved 1132544K
  class space    used 13514K, capacity 16166K, committed 16172K, reserved 1048576K
}
Event: 31.753 GC heap before
{Heap before GC invocations=9 (full 4):
 PSYoungGen      total 1529344K, used 16200K [0x0000000755580000, 0x00000007c0000000, 0x00000007c0000000)
  eden space 1311232K, 0% used [0x0000000755580000,0x0000000755580000,0x00000007a5600000)
  from space 218112K, 7% used [0x00000007a5600000,0x00000007a65d2238,0x00000007b2b00000)
  to   space 40960K, 0% used [0x00000007bd800000,0x00000007bd800000,0x00000007c0000000)
 ParOldGen       total 3495424K, used 33676K [0x0000000680000000, 0x0000000755580000, 0x0000000755580000)
  object space 3495424K, 0% used [0x0000000680000000,0x00000006820e3158,0x0000000755580000)
 Metaspace       used 95057K, capacity 98274K, committed 98348K, reserved 1132544K
  class space    used 13514K, capacity 16166K, committed 16172K, reserved 1048576K
Event: 31.969 GC heap after
Heap after GC invocations=9 (full 4):
 PSYoungGen      total 1529344K, used 0K [0x0000000755580000, 0x00000007c0000000, 0x00000007c0000000)
  eden space 1311232K, 0% used [0x0000000755580000,0x0000000755580000,0x00000007a5600000)
  from space 218112K, 0% used [0x00000007a5600000,0x00000007a5600000,0x00000007b2b00000)
  to   space 40960K, 0% used [0x00000007bd800000,0x00000007bd800000,0x00000007c0000000)
 ParOldGen       total 3495424K, used 32273K [0x0000000680000000, 0x0000000755580000, 0x0000000755580000)
  object space 3495424K, 0% used [0x0000000680000000,0x0000000681f84530,0x0000000755580000)
 Metaspace       used 93962K, capacity 95326K, committed 98348K, reserved 1132544K
  class space    used 13269K, capacity 14124K, committed 16172K, reserved 1048576K
}

